<?xml version="1.0" encoding="UTF-8"?>
<testng-results ignored="0" total="1" passed="1" failed="0" skipped="0">
  <reporter-output>
  </reporter-output>
  <suite started-at="2023-07-30T09:37:58 IST" name="Default suite" finished-at="2023-07-30T09:38:24 IST" duration-ms="26149">
    <groups>
    </groups>
    <test started-at="2023-07-30T09:37:58 IST" name="Default test" finished-at="2023-07-30T09:38:24 IST" duration-ms="26149">
      <class name="practice.ExecutionCls">
        <test-method signature="validLogin()[pri:0, instance:practice.ExecutionCls@6b81ce95]" started-at="2023-07-30T09:37:58 IST" name="validLogin" finished-at="2023-07-30T09:38:24 IST" duration-ms="26079" status="PASS">
          <reporter-output>
          </reporter-output>
        </test-method> <!-- validLogin -->
      </class> <!-- practice.ExecutionCls -->
    </test> <!-- Default test -->
  </suite> <!-- Default suite -->
</testng-results>
